<?xml version="1.0" encoding="UTF-8"?>
<!-- Generated by org.testng.reporters.JUnitReportReporter -->
<testsuite skipped="0" hostname="TYSS-4F-42" name="com.androidframework.SetTimer" tests="1" failures="0" timestamp="22 Oct 2019 08:40:25 GMT" time="20.992" errors="0">
  <testcase name="timer" time="20.992" classname="com.androidframework.SetTimer"/>
</testsuite> <!-- com.androidframework.SetTimer -->
