<?xml version="1.0" encoding="UTF-8"?>
<!-- Generated by org.testng.reporters.JUnitReportReporter -->
<testsuite skipped="0" hostname="TYSS-4F-42" name="com.androidframework.SetAlarm" tests="1" failures="0" timestamp="15 Oct 2019 10:57:56 GMT" time="65.856" errors="0">
  <testcase name="alarm" time="65.856" classname="com.androidframework.SetAlarm"/>
</testsuite> <!-- com.androidframework.SetAlarm -->
