<?xml version="1.0" encoding="UTF-8"?>
<!-- Generated by org.testng.reporters.JUnitReportReporter -->
<testsuite skipped="1" hostname="TYSS-4F-42" name="com.androidframework.SetAlarm" tests="2" failures="0" timestamp="21 Nov 2019 11:52:06 GMT" time="3.179" errors="1">
  <testcase name="desiredcap" time="3.179" classname="com.androidframework.SetAlarm">
    <error type="org.openqa.selenium.WebDriverException" message="org.apache.http.conn.HttpHostConnectException: Connect to 127.0.0.1:4723 [/127.0.0.1] failed: Connection refused: connect
Build info: version: &#039;3.4.0&#039;, revision: &#039;unknown&#039;, time: &#039;unknown&#039;
System info: host: &#039;TYSS-4F-42&#039;, ip: &#039;10.10.14.47&#039;, os.name: &#039;Windows 10&#039;, os.arch: &#039;amd64&#039;, os.version: &#039;10.0&#039;, java.version: &#039;1.8.0_144&#039;
Driver info: driver.version: AndroidDriver">
      <![CDATA[org.openqa.selenium.WebDriverException: org.apache.http.conn.HttpHostConnectException: Connect to 127.0.0.1:4723 [/127.0.0.1] failed: Connection refused: connect
Build info: version: '3.4.0', revision: 'unknown', time: 'unknown'
System info: host: 'TYSS-4F-42', ip: '10.10.14.47', os.name: 'Windows 10', os.arch: 'amd64', os.version: '10.0', java.version: '1.8.0_144'
Driver info: driver.version: AndroidDriver
at io.appium.java_client.remote.AppiumCommandExecutor.execute(AppiumCommandExecutor.java:84)
at org.openqa.selenium.remote.RemoteWebDriver.execute(RemoteWebDriver.java:637)
at io.appium.java_client.DefaultGenericMobileDriver.execute(DefaultGenericMobileDriver.java:40)
at io.appium.java_client.AppiumDriver.execute(AppiumDriver.java:1)
at io.appium.java_client.android.AndroidDriver.execute(AndroidDriver.java:1)
at org.openqa.selenium.remote.RemoteWebDriver.startSession(RemoteWebDriver.java:250)
at org.openqa.selenium.remote.RemoteWebDriver.startSession(RemoteWebDriver.java:236)
at org.openqa.selenium.remote.RemoteWebDriver.<init>(RemoteWebDriver.java:137)
at io.appium.java_client.DefaultGenericMobileDriver.<init>(DefaultGenericMobileDriver.java:36)
at io.appium.java_client.AppiumDriver.<init>(AppiumDriver.java:114)
at io.appium.java_client.AppiumDriver.<init>(AppiumDriver.java:132)
at io.appium.java_client.android.AndroidDriver.<init>(AndroidDriver.java:92)
at com.tyss.qa.androidapp.util.Base.desiredcap(Base.java:34)
at sun.reflect.NativeMethodAccessorImpl.invoke0(Native Method)
at sun.reflect.NativeMethodAccessorImpl.invoke(Unknown Source)
at sun.reflect.DelegatingMethodAccessorImpl.invoke(Unknown Source)
at java.lang.reflect.Method.invoke(Unknown Source)
at org.testng.internal.MethodInvocationHelper.invokeMethod(MethodInvocationHelper.java:124)
at org.testng.internal.MethodInvocationHelper.invokeMethodConsideringTimeout(MethodInvocationHelper.java:59)
at org.testng.internal.Invoker.invokeConfigurationMethod(Invoker.java:458)
at org.testng.internal.Invoker.invokeConfigurations(Invoker.java:222)
at org.testng.internal.Invoker.invokeConfigurations(Invoker.java:142)
at org.testng.internal.TestMethodWorker.invokeBeforeClassMethods(TestMethodWorker.java:168)
at org.testng.internal.TestMethodWorker.run(TestMethodWorker.java:105)
at org.testng.TestRunner.privateRun(TestRunner.java:648)
at org.testng.TestRunner.run(TestRunner.java:505)
at org.testng.SuiteRunner.runTest(SuiteRunner.java:455)
at org.testng.SuiteRunner.runSequentially(SuiteRunner.java:450)
at org.testng.SuiteRunner.privateRun(SuiteRunner.java:415)
at org.testng.SuiteRunner.run(SuiteRunner.java:364)
at org.testng.SuiteRunnerWorker.runSuite(SuiteRunnerWorker.java:52)
at org.testng.SuiteRunnerWorker.run(SuiteRunnerWorker.java:84)
at org.testng.TestNG.runSuitesSequentially(TestNG.java:1208)
at org.testng.TestNG.runSuitesLocally(TestNG.java:1137)
at org.testng.TestNG.runSuites(TestNG.java:1049)
at org.testng.TestNG.run(TestNG.java:1017)
at org.testng.remote.AbstractRemoteTestNG.run(AbstractRemoteTestNG.java:114)
at org.testng.remote.RemoteTestNG.initAndRun(RemoteTestNG.java:251)
at org.testng.remote.RemoteTestNG.main(RemoteTestNG.java:77)
Caused by: org.apache.http.conn.HttpHostConnectException: Connect to 127.0.0.1:4723 [/127.0.0.1] failed: Connection refused: connect
at org.apache.http.impl.conn.DefaultHttpClientConnectionOperator.connect(DefaultHttpClientConnectionOperator.java:159)
at org.apache.http.impl.conn.PoolingHttpClientConnectionManager.connect(PoolingHttpClientConnectionManager.java:359)
at org.apache.http.impl.execchain.MainClientExec.establishRoute(MainClientExec.java:381)
at org.apache.http.impl.execchain.MainClientExec.execute(MainClientExec.java:237)
at org.apache.http.impl.execchain.ProtocolExec.execute(ProtocolExec.java:185)
at org.apache.http.impl.execchain.RetryExec.execute(RetryExec.java:89)
at org.apache.http.impl.execchain.RedirectExec.execute(RedirectExec.java:111)
at org.apache.http.impl.client.InternalHttpClient.doExecute(InternalHttpClient.java:185)
at org.apache.http.impl.client.CloseableHttpClient.execute(CloseableHttpClient.java:72)
at org.apache.http.impl.client.CloseableHttpClient.execute(CloseableHttpClient.java:56)
at org.openqa.selenium.remote.internal.ApacheHttpClient.fallBackExecute(ApacheHttpClient.java:139)
at org.openqa.selenium.remote.internal.ApacheHttpClient.execute(ApacheHttpClient.java:87)
at org.openqa.selenium.remote.ProtocolHandshake.createSession(ProtocolHandshake.java:343)
at org.openqa.selenium.remote.ProtocolHandshake.createSession(ProtocolHandshake.java:159)
at org.openqa.selenium.remote.HttpCommandExecutor.execute(HttpCommandExecutor.java:142)
at io.appium.java_client.remote.AppiumCommandExecutor.execute(AppiumCommandExecutor.java:69)
... 38 more
Caused by: java.net.ConnectException: Connection refused: connect
at java.net.DualStackPlainSocketImpl.waitForConnect(Native Method)
at java.net.DualStackPlainSocketImpl.socketConnect(Unknown Source)
at java.net.AbstractPlainSocketImpl.doConnect(Unknown Source)
at java.net.AbstractPlainSocketImpl.connectToAddress(Unknown Source)
at java.net.AbstractPlainSocketImpl.connect(Unknown Source)
at java.net.PlainSocketImpl.connect(Unknown Source)
at java.net.SocksSocketImpl.connect(Unknown Source)
at java.net.Socket.connect(Unknown Source)
at org.apache.http.conn.socket.PlainConnectionSocketFactory.connectSocket(PlainConnectionSocketFactory.java:75)
at org.apache.http.impl.conn.DefaultHttpClientConnectionOperator.connect(DefaultHttpClientConnectionOperator.java:142)
... 53 more
]]>
    </error>
  </testcase> <!-- desiredcap -->
  <testcase name="alarm" time="0.000" classname="com.androidframework.SetAlarm">
    <skipped/>
  </testcase> <!-- alarm -->
</testsuite> <!-- com.androidframework.SetAlarm -->
