<?xml version="1.0" encoding="UTF-8"?>
<!-- Generated by org.testng.reporters.JUnitReportReporter -->
<testsuite skipped="0" hostname="TYSS-4F-42" name="com.androidframework.Clockapp" tests="1" failures="0" timestamp="01 Oct 2019 05:29:24 GMT" time="44.662" errors="0">
  <testcase name="Clock" time="44.662" classname="com.androidframework.Clockapp"/>
</testsuite> <!-- com.androidframework.Clockapp -->
